h:\documents\2nd year\shaders\week_21\lab_lighting\teapotad\teapotad\x64\debug\teapotad.pch
h:\documents\2nd year\shaders\week_21\lab_lighting\teapotad\teapotad\x64\debug\vc141.pdb
h:\documents\2nd year\shaders\week_21\lab_lighting\teapotad\teapotad\x64\debug\vc141.idb
h:\documents\2nd year\shaders\week_21\lab_lighting\teapotad\teapotad\x64\debug\stdafx.obj
h:\documents\2nd year\shaders\week_21\lab_lighting\teapotad\teapotad\x64\debug\vboteapot.obj
h:\documents\2nd year\shaders\week_21\lab_lighting\teapotad\teapotad\x64\debug\vboplane.obj
h:\documents\2nd year\shaders\week_21\lab_lighting\teapotad\teapotad\x64\debug\texture.obj
h:\documents\2nd year\shaders\week_21\lab_lighting\teapotad\teapotad\x64\debug\teapotad.obj
h:\documents\2nd year\shaders\week_21\lab_lighting\teapotad\teapotad\x64\debug\scenediffuse.obj
h:\documents\2nd year\shaders\week_21\lab_lighting\teapotad\teapotad\x64\debug\quatcamera.obj
h:\documents\2nd year\shaders\week_21\lab_lighting\teapotad\teapotad\x64\debug\gl_core_4_3.obj
h:\documents\2nd year\shaders\week_21\lab_lighting\teapotad\teapotad\x64\debug\glutils.obj
h:\documents\2nd year\shaders\week_21\lab_lighting\teapotad\teapotad\x64\debug\glslprogram.obj
h:\documents\2nd year\shaders\week_21\lab_lighting\teapotad\teapotad\x64\debug\drawable.obj
h:\documents\2nd year\shaders\week_21\lab_lighting\teapotad\teapotad\x64\debug\bitmap.obj
h:\documents\2nd year\shaders\week_21\lab_lighting\teapotad\x64\debug\teapotad.exe
h:\documents\2nd year\shaders\week_21\lab_lighting\teapotad\teapotad\x64\debug\teapotad.tlog\cl.command.1.tlog
h:\documents\2nd year\shaders\week_21\lab_lighting\teapotad\teapotad\x64\debug\teapotad.tlog\cl.read.1.tlog
h:\documents\2nd year\shaders\week_21\lab_lighting\teapotad\teapotad\x64\debug\teapotad.tlog\cl.write.1.tlog
h:\documents\2nd year\shaders\week_21\lab_lighting\teapotad\teapotad\x64\debug\teapotad.tlog\link.command.1.tlog
h:\documents\2nd year\shaders\week_21\lab_lighting\teapotad\teapotad\x64\debug\teapotad.tlog\link.read.1.tlog
h:\documents\2nd year\shaders\week_21\lab_lighting\teapotad\teapotad\x64\debug\teapotad.tlog\link.write.1.tlog
